Using pre-set license
Built from '2020.3/staging' branch; Version is '2020.3.21f1 (a38c86f6690f) revision 10718342'; Using compiler version '192528614'; Build Type 'Release'
OS: 'Windows 10 Home; OS build 19043.1288; Version 2009; 64bit' Language: 'en' Physical Memory: 49086 MB
BatchMode: 1, IsHumanControllingUs: 0, StartBugReporterOnCrash: 0, Is64bit: 1, IsPro: 0

COMMAND LINE ARGUMENTS:
C:\Program Files\Unity\Hub\Editor\2020.3.21f1\Editor\Unity.exe
-adb2
-batchMode
-noUpm
-name
AssetImportWorker0
-projectPath
D:/GitHub/master/Master
-logFile
Logs/AssetImportWorker0.log
-srvPort
52464
Successfully changed project path to: D:/GitHub/master/Master
D:/GitHub/master/Master
Using Asset Import Pipeline V2.
Refreshing native plugins compatible for Editor in 45.54 ms, found 2 plugins.
Preloading 0 native plugins for Editor in 0.00 ms.
Initialize engine version: 2020.3.21f1 (a38c86f6690f)
[Subsystems] Discovering subsystems at path C:/Program Files/Unity/Hub/Editor/2020.3.21f1/Editor/Data/Resources/UnitySubsystems
[Subsystems] Discovering subsystems at path D:/GitHub/master/Master/Assets
GfxDevice: creating device client; threaded=0
Direct3D:
    Version:  Direct3D 11.0 [level 11.1]
    Renderer: NVIDIA GeForce GTX 1070 (ID=0x1b81)
    Vendor:   
    VRAM:     8088 MB
    Driver:   30.0.14.9613
Initialize mono
Mono path[0] = 'C:/Program Files/Unity/Hub/Editor/2020.3.21f1/Editor/Data/Managed'
Mono path[1] = 'C:/Program Files/Unity/Hub/Editor/2020.3.21f1/Editor/Data/MonoBleedingEdge/lib/mono/unityjit'
Mono config path = 'C:/Program Files/Unity/Hub/Editor/2020.3.21f1/Editor/Data/MonoBleedingEdge/etc'
Using monoOptions --debugger-agent=transport=dt_socket,embedding=1,server=y,suspend=n,address=127.0.0.1:56224
Begin MonoManager ReloadAssembly
Registering precompiled unity dll's ...
Register platform support module: C:/Program Files/Unity/Hub/Editor/2020.3.21f1/Editor/Data/PlaybackEngines/WindowsStandaloneSupport/UnityEditor.WindowsStandalone.Extensions.dll
Registered in 0.001713 seconds.
Native extension for WindowsStandalone target not found
Refreshing native plugins compatible for Editor in 46.93 ms, found 2 plugins.
Preloading 0 native plugins for Editor in 0.00 ms.
Mono: successfully reloaded assembly
- Completed reload, in  0.965 seconds
Domain Reload Profiling:
	ReloadAssembly (965ms)
		BeginReloadAssembly (49ms)
			ExecutionOrderSort (0ms)
			DisableScriptedObjects (0ms)
			BackupInstance (0ms)
			ReleaseScriptingObjects (0ms)
			CreateAndSetChildDomain (1ms)
		EndReloadAssembly (405ms)
			LoadAssemblies (46ms)
			RebuildTransferFunctionScriptingTraits (0ms)
			SetupTypeCache (135ms)
			ReleaseScriptCaches (0ms)
			RebuildScriptCaches (29ms)
			SetupLoadedEditorAssemblies (160ms)
				LogAssemblyErrors (0ms)
				InitializePlatformSupportModulesInManaged (4ms)
				SetLoadedEditorAssemblies (0ms)
				RefreshPlugins (47ms)
				BeforeProcessingInitializeOnLoad (9ms)
				ProcessInitializeOnLoadAttributes (74ms)
				ProcessInitializeOnLoadMethodAttributes (26ms)
				AfterProcessingInitializeOnLoad (0ms)
				EditorAssembliesLoaded (0ms)
			ExecutionOrderSort2 (0ms)
			AwakeInstancesAfterBackupRestoration (0ms)
Platform modules already initialized, skipping
Registering precompiled user dll's ...
Registered in 0.003005 seconds.
Begin MonoManager ReloadAssembly
Native extension for WindowsStandalone target not found
Refreshing native plugins compatible for Editor in 0.47 ms, found 2 plugins.
Preloading 0 native plugins for Editor in 0.00 ms.
Mono: successfully reloaded assembly
- Completed reload, in  0.924 seconds
Domain Reload Profiling:
	ReloadAssembly (925ms)
		BeginReloadAssembly (128ms)
			ExecutionOrderSort (0ms)
			DisableScriptedObjects (4ms)
			BackupInstance (0ms)
			ReleaseScriptingObjects (0ms)
			CreateAndSetChildDomain (17ms)
		EndReloadAssembly (743ms)
			LoadAssemblies (79ms)
			RebuildTransferFunctionScriptingTraits (0ms)
			SetupTypeCache (262ms)
			ReleaseScriptCaches (0ms)
			RebuildScriptCaches (41ms)
			SetupLoadedEditorAssemblies (281ms)
				LogAssemblyErrors (0ms)
				InitializePlatformSupportModulesInManaged (4ms)
				SetLoadedEditorAssemblies (0ms)
				RefreshPlugins (1ms)
				BeforeProcessingInitializeOnLoad (60ms)
				ProcessInitializeOnLoadAttributes (201ms)
				ProcessInitializeOnLoadMethodAttributes (8ms)
				AfterProcessingInitializeOnLoad (6ms)
				EditorAssembliesLoaded (0ms)
			ExecutionOrderSort2 (0ms)
			AwakeInstancesAfterBackupRestoration (6ms)
Platform modules already initialized, skipping
========================================================================
Worker process is ready to serve import requests
Launched and connected shader compiler UnityShaderCompiler.exe after 0.13 seconds
Refreshing native plugins compatible for Editor in 0.72 ms, found 2 plugins.
Preloading 0 native plugins for Editor in 0.00 ms.
Unloading 2130 Unused Serialized files (Serialized files now loaded: 0)
System memory in use before: 164.7 MB.
System memory in use after: 162.2 MB.

Unloading 55 unused Assets to reduce memory usage. Loaded Objects now: 2532.
Total: 4.563600 ms (FindLiveObjects: 0.237300 ms CreateObjectMapping: 0.113000 ms MarkObjects: 2.891100 ms  DeleteObjects: 1.320900 ms)

AssetImportParameters requested are different than current active one (requested -> active):
  custom:framework-win-MediaFoundation: 216162199b28c13a410421893ffa2e32 -> 
  custom:video-decoder-ogg-theora: a1e56fd34408186e4bbccfd4996cb3dc -> 
  custom:container-muxer-webm: aa71ff27fc2769a1b78a27578f13a17b -> 
  custom:container-demuxer-webm: 4f35f7cbe854078d1ac9338744f61a02 -> 
  custom:container-demuxer-ogg: 62fdf1f143b41e24485cea50d1cbac27 -> 
  custom:video-encoder-webm-vp8: eb34c28f22e8b96e1ab97ce403110664 -> 
  custom:video-codec-MediaFoundation-h265: e54d7ab0439102e2317fc1e4b246158d -> 
  custom:video-decoder-webm-vp8: 9c59270c3fd7afecdb556c50c9e8de78 -> 
  custom:audio-decoder-ogg-vorbis: bf7c407c2cedff20999df2af8eb42d56 -> 
  custom:audio-encoder-webm-vorbis: bf7c407c2cedff20999df2af8eb42d56 -> 
========================================================================
Received Import Request.
  path: Assets/FPS/Scripts/Game
  artifactKey: Guid(ca85cc8b78b3c1d469a63fe657be17e5) Importer(815301076,1909f56bfc062723c751e8b465ee728b)
Start importing Assets/FPS/Scripts/Game using Guid(ca85cc8b78b3c1d469a63fe657be17e5) Importer(815301076,1909f56bfc062723c751e8b465ee728b)  -> (artifact id: '4422924c5bb24b00a058af9779b0e37c') in 0.009450 seconds 
  Import took 0.013095 seconds .

========================================================================
Received Import Request.
  Time since last request: 0.000175 seconds.
  path: Assets/FPS/Scripts
  artifactKey: Guid(89d893d3c0b4940429a7933e49e80f98) Importer(815301076,1909f56bfc062723c751e8b465ee728b)
Start importing Assets/FPS/Scripts using Guid(89d893d3c0b4940429a7933e49e80f98) Importer(815301076,1909f56bfc062723c751e8b465ee728b)  -> (artifact id: 'da90d802e9aac5dd92a6c3ce88060439') in 0.006207 seconds 
  Import took 0.010272 seconds .

========================================================================
Received Import Request.
  Time since last request: 0.000171 seconds.
  path: Assets/FPS/Scripts/Game/fps.Game.asmdef
  artifactKey: Guid(9c5543eabb73a6249ac07b2c065ee8b4) Importer(815301076,1909f56bfc062723c751e8b465ee728b)
Start importing Assets/FPS/Scripts/Game/fps.Game.asmdef using Guid(9c5543eabb73a6249ac07b2c065ee8b4) Importer(815301076,1909f56bfc062723c751e8b465ee728b)  -> (artifact id: '7c16d7568623d8142e003ea7204f89d5') in 0.020929 seconds 
  Import took 0.025354 seconds .

========================================================================
Received Import Request.
  Time since last request: 2.871951 seconds.
  path: Assets/FPS/Scripts/Editor
  artifactKey: Guid(25ff9b5709276df40a3b4650a7247ced) Importer(815301076,1909f56bfc062723c751e8b465ee728b)
Start importing Assets/FPS/Scripts/Editor using Guid(25ff9b5709276df40a3b4650a7247ced) Importer(815301076,1909f56bfc062723c751e8b465ee728b)  -> (artifact id: 'e834a68d2b0e1cac9b0c344f639fd607') in 0.005693 seconds 
  Import took 0.008465 seconds .

========================================================================
Received Import Request.
  Time since last request: 0.051365 seconds.
  path: Assets/FPS/Scripts/Editor/fps.Editor.asmdef
  artifactKey: Guid(bd05a56a26480e646a63a781f822fc20) Importer(815301076,1909f56bfc062723c751e8b465ee728b)
Start importing Assets/FPS/Scripts/Editor/fps.Editor.asmdef using Guid(bd05a56a26480e646a63a781f822fc20) Importer(815301076,1909f56bfc062723c751e8b465ee728b)  -> (artifact id: '28f2e0c96711542603e304e1eb725484') in 0.073632 seconds 
  Import took 0.076380 seconds .

========================================================================
Received Import Request.
  Time since last request: 1.239453 seconds.
  path: Assets/FPS/Scripts/Gameplay
  artifactKey: Guid(d442422ab15c9024e9edea7b5d39e133) Importer(815301076,1909f56bfc062723c751e8b465ee728b)
Start importing Assets/FPS/Scripts/Gameplay using Guid(d442422ab15c9024e9edea7b5d39e133) Importer(815301076,1909f56bfc062723c751e8b465ee728b)  -> (artifact id: '75b571d6fc5327dcd19104277c66f523') in 0.005481 seconds 
  Import took 0.008318 seconds .

========================================================================
Received Import Request.
  Time since last request: 0.068725 seconds.
  path: Assets/FPS/Scripts/Gameplay/fps.Gameplay.asmdef
  artifactKey: Guid(27b7e9efd224f064990a97ed99e4456f) Importer(815301076,1909f56bfc062723c751e8b465ee728b)
Start importing Assets/FPS/Scripts/Gameplay/fps.Gameplay.asmdef using Guid(27b7e9efd224f064990a97ed99e4456f) Importer(815301076,1909f56bfc062723c751e8b465ee728b)  -> (artifact id: '45ef6173d63f20b610cb1f9e1d75a78d') in 0.005006 seconds 
  Import took 0.007702 seconds .

========================================================================
Received Import Request.
  Time since last request: 2.659290 seconds.
  path: Assets/FPS/Scripts/Gameplay/Managers
  artifactKey: Guid(d5c11cf836ea8664faec9a4423601799) Importer(815301076,1909f56bfc062723c751e8b465ee728b)
Start importing Assets/FPS/Scripts/Gameplay/Managers using Guid(d5c11cf836ea8664faec9a4423601799) Importer(815301076,1909f56bfc062723c751e8b465ee728b)  -> (artifact id: 'cb7c6527d860a4282900c0c2d6d41aa0') in 0.006563 seconds 
  Import took 0.009915 seconds .

========================================================================
Received Import Request.
  Time since last request: 0.836263 seconds.
  path: Assets/FPS/Scripts/Gameplay/Managers/PlayerWeaponsManager.cs
  artifactKey: Guid(c6b4f98e62f1d104f8658bba08e5d56f) Importer(815301076,1909f56bfc062723c751e8b465ee728b)
Start importing Assets/FPS/Scripts/Gameplay/Managers/PlayerWeaponsManager.cs using Guid(c6b4f98e62f1d104f8658bba08e5d56f) Importer(815301076,1909f56bfc062723c751e8b465ee728b)  -> (artifact id: '4aaaf51c03b04357554da666cb81e1ee') in 0.015814 seconds 
  Import took 0.018666 seconds .

========================================================================
Received Import Request.
  Time since last request: 0.441225 seconds.
  path: Assets/FPS/Scripts/Gameplay/Managers/PlayerInputHandler.cs
  artifactKey: Guid(dac5ddb3ce9b8884ca9588dc620ffcab) Importer(815301076,1909f56bfc062723c751e8b465ee728b)
Start importing Assets/FPS/Scripts/Gameplay/Managers/PlayerInputHandler.cs using Guid(dac5ddb3ce9b8884ca9588dc620ffcab) Importer(815301076,1909f56bfc062723c751e8b465ee728b)  -> (artifact id: 'b71e060c6f382ef225c24aa9e82d345b') in 0.005002 seconds 
  Import took 0.008443 seconds .

========================================================================
Received Import Request.
  Time since last request: 4.430837 seconds.
  path: Assets/FPS/Scripts/UI
  artifactKey: Guid(da9db5e8d482b7d4bb48a8aacb2aeb99) Importer(815301076,1909f56bfc062723c751e8b465ee728b)
Start importing Assets/FPS/Scripts/UI using Guid(da9db5e8d482b7d4bb48a8aacb2aeb99) Importer(815301076,1909f56bfc062723c751e8b465ee728b)  -> (artifact id: '6b204a4b17844638503f9ba8abce4646') in 0.043051 seconds 
  Import took 0.045747 seconds .

========================================================================
Received Import Request.
  Time since last request: 0.023698 seconds.
  path: Assets/FPS/Scripts/UI/fps.UI.asmdef
  artifactKey: Guid(269903ea973e2a64ca0fb91ee07d3625) Importer(815301076,1909f56bfc062723c751e8b465ee728b)
Start importing Assets/FPS/Scripts/UI/fps.UI.asmdef using Guid(269903ea973e2a64ca0fb91ee07d3625) Importer(815301076,1909f56bfc062723c751e8b465ee728b)  -> (artifact id: 'd1773a1c472f4c9cbbfe5733d4d082bf') in 0.005540 seconds 
  Import took 0.008386 seconds .

========================================================================
Received Import Request.
  Time since last request: 4.281282 seconds.
  path: Assets/FPS/Audio
  artifactKey: Guid(737a7d6206c0e4c438775dc48374bde5) Importer(815301076,1909f56bfc062723c751e8b465ee728b)
Start importing Assets/FPS/Audio using Guid(737a7d6206c0e4c438775dc48374bde5) Importer(815301076,1909f56bfc062723c751e8b465ee728b)  -> (artifact id: '08db0df0aec61046b71b60683f5a39f1') in 0.016940 seconds 
  Import took 0.020160 seconds .

========================================================================
Received Import Request.
  Time since last request: 0.055885 seconds.
  path: Assets/FPS/Audio/MainAudioMixer.mixer
  artifactKey: Guid(fcc71635aab95ff4fbdf1880bf2afa2f) Importer(815301076,1909f56bfc062723c751e8b465ee728b)
Start importing Assets/FPS/Audio/MainAudioMixer.mixer using Guid(fcc71635aab95ff4fbdf1880bf2afa2f) Importer(815301076,1909f56bfc062723c751e8b465ee728b)  -> (artifact id: 'a7b1163b12a18c236b0fdef585f32f01') in 0.015205 seconds 
  Import took 0.020127 seconds .

========================================================================
Received Import Request.
  Time since last request: 1.013421 seconds.
  path: Assets/FPS/Audio/Music
  artifactKey: Guid(c3757fa6bee8fee4fb6ee4623da674f9) Importer(815301076,1909f56bfc062723c751e8b465ee728b)
Start importing Assets/FPS/Audio/Music using Guid(c3757fa6bee8fee4fb6ee4623da674f9) Importer(815301076,1909f56bfc062723c751e8b465ee728b)  -> (artifact id: 'b6b14c24d2991363dd40c4e7b4b7cfb7') in 0.005331 seconds 
  Import took 0.008295 seconds .

========================================================================
Received Import Request.
  Time since last request: 0.039685 seconds.
  path: Assets/FPS/Audio/Music/Wind Ambience.mp3
  artifactKey: Guid(d8003de4be5900347a2c96ef75315675) Importer(815301076,1909f56bfc062723c751e8b465ee728b)
Start importing Assets/FPS/Audio/Music/Wind Ambience.mp3 using Guid(d8003de4be5900347a2c96ef75315675) Importer(815301076,1909f56bfc062723c751e8b465ee728b)  -> (artifact id: 'cdb658a66e0a84e7404ad67932c5488d') in 0.093072 seconds 
  Import took 0.096528 seconds .

========================================================================
Received Import Request.
  Time since last request: 1.287878 seconds.
  path: Assets/FPS/Audio/SFX
  artifactKey: Guid(75dd3a7bde0fda14d8c65a0f25c66a29) Importer(815301076,1909f56bfc062723c751e8b465ee728b)
Start importing Assets/FPS/Audio/SFX using Guid(75dd3a7bde0fda14d8c65a0f25c66a29) Importer(815301076,1909f56bfc062723c751e8b465ee728b)  -> (artifact id: '995d7bae43c55b2e256135a4cfac9ae8') in 0.005277 seconds 
  Import took 0.008078 seconds .

========================================================================
Received Import Request.
  Time since last request: 1.147390 seconds.
  path: Assets/FPS/Audio/SFX/Pickups
  artifactKey: Guid(7cc3c4d26cedcca4f9311b7fab09b834) Importer(815301076,1909f56bfc062723c751e8b465ee728b)
Start importing Assets/FPS/Audio/SFX/Pickups using Guid(7cc3c4d26cedcca4f9311b7fab09b834) Importer(815301076,1909f56bfc062723c751e8b465ee728b)  -> (artifact id: '61775a5fb926628d63584b4224497178') in 0.005543 seconds 
  Import took 0.008534 seconds .

========================================================================
Received Import Request.
  Time since last request: 0.065493 seconds.
  path: Assets/FPS/Audio/SFX/Pickups/Pickup_Health.wav
  artifactKey: Guid(8dfdbc346713580429db9079ad1ff964) Importer(815301076,1909f56bfc062723c751e8b465ee728b)
Start importing Assets/FPS/Audio/SFX/Pickups/Pickup_Health.wav using Guid(8dfdbc346713580429db9079ad1ff964) Importer(815301076,1909f56bfc062723c751e8b465ee728b)  -> (artifact id: 'e0a299c73d7040e5b750daa57c74282d') in 0.040136 seconds 
  Import took 0.043023 seconds .

========================================================================
Received Import Request.
  Time since last request: 0.000230 seconds.
  path: Assets/FPS/Audio/SFX/Pickups/Pickup_Weapon_Small.wav
  artifactKey: Guid(7b83d61917ac1224f942a0609b1221f2) Importer(815301076,1909f56bfc062723c751e8b465ee728b)
Start importing Assets/FPS/Audio/SFX/Pickups/Pickup_Weapon_Small.wav using Guid(7b83d61917ac1224f942a0609b1221f2) Importer(815301076,1909f56bfc062723c751e8b465ee728b)  -> (artifact id: 'ab92c3cc62635e0aefd738c4e64e340d') in 0.076014 seconds 
  Import took 0.078758 seconds .

========================================================================
Received Import Request.
  Time since last request: 0.000221 seconds.
  path: Assets/FPS/Audio/SFX/Pickups/Pickup_Weapon_Medium.wav
  artifactKey: Guid(6f3e0904bbbace745bdef08cdbcdfec0) Importer(815301076,1909f56bfc062723c751e8b465ee728b)
Start importing Assets/FPS/Audio/SFX/Pickups/Pickup_Weapon_Medium.wav using Guid(6f3e0904bbbace745bdef08cdbcdfec0) Importer(815301076,1909f56bfc062723c751e8b465ee728b)  -> (artifact id: '8cafbd0ccb3d99e99500eec9c85cd8cc') in 0.052735 seconds 
  Import took 0.055439 seconds .

========================================================================
Received Import Request.
  Time since last request: 0.000235 seconds.
  path: Assets/FPS/Audio/SFX/Pickups/Pickup_Jetpack.wav
  artifactKey: Guid(9c793d7183ca03e4fbf328175291cee4) Importer(815301076,1909f56bfc062723c751e8b465ee728b)
Start importing Assets/FPS/Audio/SFX/Pickups/Pickup_Jetpack.wav using Guid(9c793d7183ca03e4fbf328175291cee4) Importer(815301076,1909f56bfc062723c751e8b465ee728b)  -> (artifact id: '7660002588bd419ddc4781b54f85b1d6') in 0.059566 seconds 
  Import took 0.062292 seconds .

========================================================================
Received Import Request.
  Time since last request: 3.796965 seconds.
  path: Assets/FPS
  artifactKey: Guid(50cf0c09de57fb64db657a17fd2dfc67) Importer(815301076,1909f56bfc062723c751e8b465ee728b)
Start importing Assets/FPS using Guid(50cf0c09de57fb64db657a17fd2dfc67) Importer(815301076,1909f56bfc062723c751e8b465ee728b)  -> (artifact id: 'aaea661f0af671723d7f1f9b9143a4fc') in 0.006065 seconds 
  Import took 0.009172 seconds .

========================================================================
Received Import Request.
  Time since last request: 5.283332 seconds.
  path: Assets/FPS/Scripts/Game/Shared
  artifactKey: Guid(8202695dcc7a5e1418d444571d7800cb) Importer(815301076,1909f56bfc062723c751e8b465ee728b)
Start importing Assets/FPS/Scripts/Game/Shared using Guid(8202695dcc7a5e1418d444571d7800cb) Importer(815301076,1909f56bfc062723c751e8b465ee728b)  -> (artifact id: '811471818a04c9e7b06a82b8dea7f477') in 0.014514 seconds 
  Import took 0.017764 seconds .

========================================================================
Received Import Request.
  Time since last request: 3.239882 seconds.
  path: Assets/FPS/Scripts/Game/AudioUtility.cs
  artifactKey: Guid(b4940d922b729e64091b72854e008d47) Importer(815301076,1909f56bfc062723c751e8b465ee728b)
Start importing Assets/FPS/Scripts/Game/AudioUtility.cs using Guid(b4940d922b729e64091b72854e008d47) Importer(815301076,1909f56bfc062723c751e8b465ee728b)  -> (artifact id: '2e5b8870d47369688ba03be233ee0374') in 0.016182 seconds 
  Import took 0.019220 seconds .

========================================================================
Received Import Request.
  Time since last request: 68.715202 seconds.
  path: Assets/FPS/Scripts/Game/Managers
  artifactKey: Guid(ed1f07e0262531d47b1d996b95d657b8) Importer(815301076,1909f56bfc062723c751e8b465ee728b)
Start importing Assets/FPS/Scripts/Game/Managers using Guid(ed1f07e0262531d47b1d996b95d657b8) Importer(815301076,1909f56bfc062723c751e8b465ee728b)  -> (artifact id: '0e2551c3ef41827a5603c8868c3a4fb5') in 0.001651 seconds 
  Import took 0.005222 seconds .

========================================================================
Received Import Request.
  Time since last request: 0.868778 seconds.
  path: Assets/FPS/Scripts/Game/Managers/ActorsManager.cs
  artifactKey: Guid(bf10145f6bd13744c8fd10972a92ac61) Importer(815301076,1909f56bfc062723c751e8b465ee728b)
Start importing Assets/FPS/Scripts/Game/Managers/ActorsManager.cs using Guid(bf10145f6bd13744c8fd10972a92ac61) Importer(815301076,1909f56bfc062723c751e8b465ee728b)  -> (artifact id: '70c5731e4d950fb38f83e88db1590b07') in 0.006629 seconds 
  Import took 0.010507 seconds .

========================================================================
Received Import Request.
  Time since last request: 0.380097 seconds.
  path: Assets/FPS/Scripts/Game/Managers/AudioManager.cs
  artifactKey: Guid(1d54177cab788734b8ecb4674c6e5328) Importer(815301076,1909f56bfc062723c751e8b465ee728b)
Start importing Assets/FPS/Scripts/Game/Managers/AudioManager.cs using Guid(1d54177cab788734b8ecb4674c6e5328) Importer(815301076,1909f56bfc062723c751e8b465ee728b)  -> (artifact id: 'b9592585adc82add02daf84db1efe7a5') in 0.005500 seconds 
  Import took 0.008564 seconds .

========================================================================
Received Prepare
Registering precompiled user dll's ...
Registered in 0.003156 seconds.
Begin MonoManager ReloadAssembly
Native extension for WindowsStandalone target not found
Refreshing native plugins compatible for Editor in 0.49 ms, found 2 plugins.
Preloading 0 native plugins for Editor in 0.00 ms.
Mono: successfully reloaded assembly
- Completed reload, in  0.896 seconds
Domain Reload Profiling:
	ReloadAssembly (897ms)
		BeginReloadAssembly (105ms)
			ExecutionOrderSort (0ms)
			DisableScriptedObjects (4ms)
			BackupInstance (0ms)
			ReleaseScriptingObjects (0ms)
			CreateAndSetChildDomain (31ms)
		EndReloadAssembly (737ms)
			LoadAssemblies (78ms)
			RebuildTransferFunctionScriptingTraits (0ms)
			SetupTypeCache (269ms)
			ReleaseScriptCaches (1ms)
			RebuildScriptCaches (38ms)
			SetupLoadedEditorAssemblies (269ms)
				LogAssemblyErrors (0ms)
				InitializePlatformSupportModulesInManaged (4ms)
				SetLoadedEditorAssemblies (0ms)
				RefreshPlugins (1ms)
				BeforeProcessingInitializeOnLoad (58ms)
				ProcessInitializeOnLoadAttributes (192ms)
				ProcessInitializeOnLoadMethodAttributes (8ms)
				AfterProcessingInitializeOnLoad (6ms)
				EditorAssembliesLoaded (0ms)
			ExecutionOrderSort2 (0ms)
			AwakeInstancesAfterBackupRestoration (6ms)
Platform modules already initialized, skipping
Refreshing native plugins compatible for Editor in 0.48 ms, found 2 plugins.
Preloading 0 native plugins for Editor in 0.00 ms.
Unloading 2124 Unused Serialized files (Serialized files now loaded: 0)
System memory in use before: 167.6 MB.
System memory in use after: 165.2 MB.

Unloading 50 unused Assets to reduce memory usage. Loaded Objects now: 2543.
Total: 4.457100 ms (FindLiveObjects: 0.186900 ms CreateObjectMapping: 0.078700 ms MarkObjects: 2.799300 ms  DeleteObjects: 1.390700 ms)

AssetImportParameters requested are different than current active one (requested -> active):
  custom:framework-win-MediaFoundation: 216162199b28c13a410421893ffa2e32 -> 
  custom:video-decoder-ogg-theora: a1e56fd34408186e4bbccfd4996cb3dc -> 
  custom:container-muxer-webm: aa71ff27fc2769a1b78a27578f13a17b -> 
  custom:container-demuxer-webm: 4f35f7cbe854078d1ac9338744f61a02 -> 
  custom:container-demuxer-ogg: 62fdf1f143b41e24485cea50d1cbac27 -> 
  custom:video-encoder-webm-vp8: eb34c28f22e8b96e1ab97ce403110664 -> 
  custom:video-codec-MediaFoundation-h265: e54d7ab0439102e2317fc1e4b246158d -> 
  custom:video-decoder-webm-vp8: 9c59270c3fd7afecdb556c50c9e8de78 -> 
  custom:audio-decoder-ogg-vorbis: bf7c407c2cedff20999df2af8eb42d56 -> 
  custom:audio-encoder-webm-vorbis: bf7c407c2cedff20999df2af8eb42d56 -> 
AssetImportWorkerClient::OnTransportError - code=2 error=End of file
